Flow report for Sixteen_Bit_CPU
Sun Jul 19 21:19:07 2020
Quartus II 64-Bit Version 15.0.0 Build 145 04/22/2015 SJ Full Version


---------------------
; Table of Contents ;
---------------------
  1. Legal Notice
  2. Flow Summary
  3. Flow Settings
  4. Flow Non-Default Global Settings
  5. Flow Elapsed Time
  6. Flow OS Summary
  7. Flow Log
  8. Flow Messages
  9. Flow Suppressed Messages



----------------
; Legal Notice ;
----------------
Copyright (C) 1991-2015 Altera Corporation. All rights reserved.
Your use of Altera Corporation's design tools, logic functions 
and other software and tools, and its AMPP partner logic 
functions, and any output files from any of the foregoing 
(including device programming or simulation files), and any 
associated documentation or information are expressly subject 
to the terms and conditions of the Altera Program License 
Subscription Agreement, the Altera Quartus II License Agreement,
the Altera MegaCore Function License Agreement, or other 
applicable license agreement, including, without limitation, 
that your use is for the sole purpose of programming logic 
devices manufactured by Altera and sold by Altera or its 
authorized distributors.  Please refer to the applicable 
agreement for further details.



+----------------------------------------------------------------------------------+
; Flow Summary                                                                     ;
+------------------------------------+---------------------------------------------+
; Flow Status                        ; Successful - Sun Jul 19 21:19:07 2020       ;
; Quartus II 64-Bit Version          ; 15.0.0 Build 145 04/22/2015 SJ Full Version ;
; Revision Name                      ; Sixteen_Bit_CPU                             ;
; Top-level Entity Name              ; Sixteen_Bit_CPU                             ;
; Family                             ; Cyclone IV E                                ;
; Device                             ; EP4CE6E22C8                                 ;
; Timing Models                      ; Final                                       ;
; Total logic elements               ; 897 / 6,272 ( 14 % )                        ;
;     Total combinational functions  ; 889 / 6,272 ( 14 % )                        ;
;     Dedicated logic registers      ; 68 / 6,272 ( 1 % )                          ;
; Total registers                    ; 68                                          ;
; Total pins                         ; 86 / 92 ( 93 % )                            ;
; Total virtual pins                 ; 0                                           ;
; Total memory bits                  ; 0 / 276,480 ( 0 % )                         ;
; Embedded Multiplier 9-bit elements ; 0 / 30 ( 0 % )                              ;
; Total PLLs                         ; 0 / 2 ( 0 % )                               ;
+------------------------------------+---------------------------------------------+


+-----------------------------------------+
; Flow Settings                           ;
+-------------------+---------------------+
; Option            ; Setting             ;
+-------------------+---------------------+
; Start date & time ; 07/19/2020 21:18:28 ;
; Main task         ; Compilation         ;
; Revision Name     ; Sixteen_Bit_CPU     ;
+-------------------+---------------------+


+-----------------------------------------------------------------------------------------------------------------------------+
; Flow Non-Default Global Settings                                                                                            ;
+--------------------------------------+---------------------------------------+---------------+-------------+----------------+
; Assignment Name                      ; Value                                 ; Default Value ; Entity Name ; Section Id     ;
+--------------------------------------+---------------------------------------+---------------+-------------+----------------+
; COMPILER_SIGNATURE_ID                ; 193675815157932.159516470816640       ; --            ; --          ; --             ;
; EDA_DESIGN_INSTANCE_NAME             ; NA                                    ; --            ; --          ; ms_clk         ;
; EDA_DESIGN_INSTANCE_NAME             ; NA                                    ; --            ; --          ; ms_ram         ;
; EDA_DESIGN_INSTANCE_NAME             ; NA                                    ; --            ; --          ; ms_pc          ;
; EDA_DESIGN_INSTANCE_NAME             ; NA                                    ; --            ; --          ; ms_dr          ;
; EDA_DESIGN_INSTANCE_NAME             ; NA                                    ; --            ; --          ; ms_dbus        ;
; EDA_DESIGN_INSTANCE_NAME             ; NA                                    ; --            ; --          ; ms_alu         ;
; EDA_DESIGN_INSTANCE_NAME             ; NA                                    ; --            ; --          ; ms_cpu         ;
; EDA_DESIGN_INSTANCE_NAME             ; NA                                    ; --            ; --          ; ms_ir          ;
; EDA_DESIGN_INSTANCE_NAME             ; NA                                    ; --            ; --          ; ms_ctrl        ;
; EDA_DESIGN_INSTANCE_NAME             ; NA                                    ; --            ; --          ; ms_counter     ;
; EDA_DESIGN_INSTANCE_NAME             ; NA                                    ; --            ; --          ; ms_mar         ;
; EDA_NATIVELINK_SIMULATION_TEST_BENCH ; ms_cpu                                ; --            ; --          ; eda_simulation ;
; EDA_OUTPUT_DATA_FORMAT               ; Vhdl                                  ; --            ; --          ; eda_simulation ;
; EDA_SIMULATION_TOOL                  ; ModelSim-Altera (VHDL)                ; <None>        ; --          ; --             ;
; EDA_TEST_BENCH_ENABLE_STATUS         ; TEST_BENCH_MODE                       ; --            ; --          ; eda_simulation ;
; EDA_TEST_BENCH_FILE                  ; TB/ms_clk.vhd                         ; --            ; --          ; ms_clk         ;
; EDA_TEST_BENCH_FILE                  ; TB/ms_ram.vhd                         ; --            ; --          ; ms_ram         ;
; EDA_TEST_BENCH_FILE                  ; TB/ms_pc.vhd                          ; --            ; --          ; ms_pc          ;
; EDA_TEST_BENCH_FILE                  ; TB/ms_dr.vhd                          ; --            ; --          ; ms_dr          ;
; EDA_TEST_BENCH_FILE                  ; TB/ms_dbus.vhd                        ; --            ; --          ; ms_dbus        ;
; EDA_TEST_BENCH_FILE                  ; TB/ms_alu.vhd                         ; --            ; --          ; ms_alu         ;
; EDA_TEST_BENCH_FILE                  ; TB/ms_cpu.vhd                         ; --            ; --          ; ms_cpu         ;
; EDA_TEST_BENCH_FILE                  ; TB/ms_ir.vhd                          ; --            ; --          ; ms_ir          ;
; EDA_TEST_BENCH_FILE                  ; TB/ms_ctrl.vhd                        ; --            ; --          ; ms_ctrl        ;
; EDA_TEST_BENCH_FILE                  ; TB/ms_counter.vhd                     ; --            ; --          ; ms_counter     ;
; EDA_TEST_BENCH_FILE                  ; TB/ms_mar.vhd                         ; --            ; --          ; ms_mar         ;
; EDA_TEST_BENCH_MODULE_NAME           ; ms_clk                                ; --            ; --          ; ms_clk         ;
; EDA_TEST_BENCH_MODULE_NAME           ; ms_ram                                ; --            ; --          ; ms_ram         ;
; EDA_TEST_BENCH_MODULE_NAME           ; ms_pc                                 ; --            ; --          ; ms_pc          ;
; EDA_TEST_BENCH_MODULE_NAME           ; ms_dr                                 ; --            ; --          ; ms_dr          ;
; EDA_TEST_BENCH_MODULE_NAME           ; ms_dbus                               ; --            ; --          ; ms_dbus        ;
; EDA_TEST_BENCH_MODULE_NAME           ; ms_alu                                ; --            ; --          ; ms_alu         ;
; EDA_TEST_BENCH_MODULE_NAME           ; ms_cpu                                ; --            ; --          ; ms_cpu         ;
; EDA_TEST_BENCH_MODULE_NAME           ; ms_ir                                 ; --            ; --          ; ms_ir          ;
; EDA_TEST_BENCH_MODULE_NAME           ; ms_ctrl                               ; --            ; --          ; ms_ctrl        ;
; EDA_TEST_BENCH_MODULE_NAME           ; ms_counter                            ; --            ; --          ; ms_counter     ;
; EDA_TEST_BENCH_MODULE_NAME           ; ms_mar                                ; --            ; --          ; ms_mar         ;
; EDA_TEST_BENCH_NAME                  ; ms_mar                                ; --            ; --          ; eda_simulation ;
; EDA_TEST_BENCH_NAME                  ; ms_ir                                 ; --            ; --          ; eda_simulation ;
; EDA_TEST_BENCH_NAME                  ; ms_counter                            ; --            ; --          ; eda_simulation ;
; EDA_TEST_BENCH_NAME                  ; ms_alu                                ; --            ; --          ; eda_simulation ;
; EDA_TEST_BENCH_NAME                  ; ms_dr                                 ; --            ; --          ; eda_simulation ;
; EDA_TEST_BENCH_NAME                  ; ms_clk                                ; --            ; --          ; eda_simulation ;
; EDA_TEST_BENCH_NAME                  ; ms_pc                                 ; --            ; --          ; eda_simulation ;
; EDA_TEST_BENCH_NAME                  ; ms_cpu                                ; --            ; --          ; eda_simulation ;
; EDA_TEST_BENCH_NAME                  ; ms_ram                                ; --            ; --          ; eda_simulation ;
; EDA_TEST_BENCH_NAME                  ; ms_ctrl                               ; --            ; --          ; eda_simulation ;
; EDA_TEST_BENCH_NAME                  ; ms_dbus                               ; --            ; --          ; eda_simulation ;
; MAX_CORE_JUNCTION_TEMP               ; 85                                    ; --            ; --          ; --             ;
; MIN_CORE_JUNCTION_TEMP               ; 0                                     ; --            ; --          ; --             ;
; NOMINAL_CORE_SUPPLY_VOLTAGE          ; 1.2V                                  ; --            ; --          ; --             ;
; PARTITION_COLOR                      ; 16764057                              ; --            ; --          ; Top            ;
; PARTITION_FITTER_PRESERVATION_LEVEL  ; PLACEMENT_AND_ROUTING                 ; --            ; --          ; Top            ;
; PARTITION_NETLIST_TYPE               ; SOURCE                                ; --            ; --          ; Top            ;
; POWER_BOARD_THERMAL_MODEL            ; None (CONSERVATIVE)                   ; --            ; --          ; --             ;
; POWER_PRESET_COOLING_SOLUTION        ; 23 MM HEAT SINK WITH 200 LFPM AIRFLOW ; --            ; --          ; --             ;
; PROJECT_OUTPUT_DIRECTORY             ; output_files                          ; --            ; --          ; --             ;
+--------------------------------------+---------------------------------------+---------------+-------------+----------------+


+-------------------------------------------------------------------------------------------------------------------------------+
; Flow Elapsed Time                                                                                                             ;
+---------------------------+--------------+-------------------------+---------------------+------------------------------------+
; Module Name               ; Elapsed Time ; Average Processors Used ; Peak Virtual Memory ; Total CPU Time (on all processors) ;
+---------------------------+--------------+-------------------------+---------------------+------------------------------------+
; Analysis & Synthesis      ; 00:00:12     ; 1.0                     ; 4880 MB             ; 00:00:25                           ;
; Fitter                    ; 00:00:12     ; 2.1                     ; 5813 MB             ; 00:00:18                           ;
; Assembler                 ; 00:00:01     ; 1.0                     ; 4750 MB             ; 00:00:01                           ;
; TimeQuest Timing Analyzer ; 00:00:03     ; 1.0                     ; 4892 MB             ; 00:00:03                           ;
; EDA Netlist Writer        ; 00:00:02     ; 1.0                     ; 4730 MB             ; 00:00:02                           ;
; Total                     ; 00:00:30     ; --                      ; --                  ; 00:00:49                           ;
+---------------------------+--------------+-------------------------+---------------------+------------------------------------+


+----------------------------------------------------------------------------------------+
; Flow OS Summary                                                                        ;
+---------------------------+------------------+-----------+------------+----------------+
; Module Name               ; Machine Hostname ; OS Name   ; OS Version ; Processor type ;
+---------------------------+------------------+-----------+------------+----------------+
; Analysis & Synthesis      ; DESKTOP-5FOT46C  ; Windows 7 ; 6.2        ; x86_64         ;
; Fitter                    ; DESKTOP-5FOT46C  ; Windows 7 ; 6.2        ; x86_64         ;
; Assembler                 ; DESKTOP-5FOT46C  ; Windows 7 ; 6.2        ; x86_64         ;
; TimeQuest Timing Analyzer ; DESKTOP-5FOT46C  ; Windows 7 ; 6.2        ; x86_64         ;
; EDA Netlist Writer        ; DESKTOP-5FOT46C  ; Windows 7 ; 6.2        ; x86_64         ;
+---------------------------+------------------+-----------+------------+----------------+


------------
; Flow Log ;
------------
quartus_map --read_settings_files=on --write_settings_files=off Sixteen_Bit_CPU -c Sixteen_Bit_CPU
quartus_fit --read_settings_files=off --write_settings_files=off Sixteen_Bit_CPU -c Sixteen_Bit_CPU
quartus_asm --read_settings_files=off --write_settings_files=off Sixteen_Bit_CPU -c Sixteen_Bit_CPU
quartus_sta Sixteen_Bit_CPU -c Sixteen_Bit_CPU
quartus_eda --read_settings_files=off --write_settings_files=off Sixteen_Bit_CPU -c Sixteen_Bit_CPU



